<?xml version="1.0" encoding="UTF-8"?>
<!-- Generated by org.testng.reporters.JUnitReportReporter -->
<testsuite hostname="HPCL202004024deMacBook-Pro.local" name="bigBoy.backendapi.carouseImgTest" tests="5" failures="0" timestamp="9 Nov 2020 05:59:35 GMT" time="1.791" errors="0">
  <testcase name="queryTopInfoTest" time="0.105" classname="bigBoy.backendapi.carouseImgTest"/>
  <testcase name="deleteCarouseTest" time="0.117" classname="bigBoy.backendapi.carouseImgTest"/>
  <testcase name="queryCarouseListTest" time="0.048" classname="bigBoy.backendapi.carouseImgTest"/>
  <testcase name="addCarouseTest" time="1.271" classname="bigBoy.backendapi.carouseImgTest"/>
  <testcase name="updateCarouseTest" time="0.250" classname="bigBoy.backendapi.carouseImgTest"/>
</testsuite> <!-- bigBoy.backendapi.carouseImgTest -->
