<?xml version="1.0" encoding="UTF-8"?>
<!-- Generated by org.testng.reporters.JUnitReportReporter -->
<testsuite hostname="HPCL202004024deMacBook-Pro.local" name="bigBoy.backendapi.hotGoodsTest" tests="6" failures="0" timestamp="9 Nov 2020 05:59:35 GMT" time="1.363" errors="0">
  <testcase name="updateHotGoodsTest" time="0.333" classname="bigBoy.backendapi.hotGoodsTest"/>
  <testcase name="queryHotGoodsListTest" time="0.036" classname="bigBoy.backendapi.hotGoodsTest"/>
  <testcase name="updateHotGoodsTest" time="0.371" classname="bigBoy.backendapi.hotGoodsTest"/>
  <testcase name="updateHotGoodsTest" time="0.434" classname="bigBoy.backendapi.hotGoodsTest"/>
  <testcase name="deleteHotGoodsTest" time="0.044" classname="bigBoy.backendapi.hotGoodsTest"/>
  <testcase name="addHotGoodsTest" time="0.145" classname="bigBoy.backendapi.hotGoodsTest"/>
</testsuite> <!-- bigBoy.backendapi.hotGoodsTest -->
