<?xml version="1.0" encoding="UTF-8"?>
<!-- Generated by org.testng.reporters.JUnitReportReporter -->
<testsuite hostname="HPCL202004024deMacBook-Pro.local" name="bigBoy.backendapi.goodsAssociateTest" tests="2" failures="0" timestamp="9 Nov 2020 05:59:35 GMT" time="0.472" errors="0">
  <testcase name="associateTest" time="0.250" classname="bigBoy.backendapi.goodsAssociateTest"/>
  <testcase name="associateTest" time="0.222" classname="bigBoy.backendapi.goodsAssociateTest"/>
</testsuite> <!-- bigBoy.backendapi.goodsAssociateTest -->
