<?xml version="1.0" encoding="UTF-8"?>
<!-- Generated by org.testng.reporters.JUnitReportReporter -->
<testsuite hostname="HPCL202004024deMacBook-Pro.local" name="bigBoy.app.bbsTest" tests="2" failures="0" timestamp="9 Nov 2020 07:05:25 GMT" time="0.283" errors="0">
  <testcase name="queryThreadInfoTest" time="0.205" classname="bigBoy.app.bbsTest"/>
  <testcase name="queryReplyListTest" time="0.078" classname="bigBoy.app.bbsTest"/>
</testsuite> <!-- bigBoy.app.bbsTest -->
