<?xml version="1.0" encoding="UTF-8"?>
<!-- Generated by org.testng.reporters.JUnitReportReporter -->
<testsuite hostname="HPCL202004024deMacBook-Pro.local" name="bigBoy.backendapi.categoryAssociateFactoryTest" tests="4" failures="0" timestamp="9 Nov 2020 05:59:35 GMT" time="0.272" errors="0">
  <testcase name="deleteCategoryAssociateFactoryTest" time="0.039" classname="bigBoy.backendapi.categoryAssociateFactoryTest"/>
  <testcase name="queryList" time="0.036" classname="bigBoy.backendapi.categoryAssociateFactoryTest"/>
  <testcase name="addCategoryAssociateFactoryTest" time="0.134" classname="bigBoy.backendapi.categoryAssociateFactoryTest"/>
  <testcase name="updateCategoryAssociateFactoryTest" time="0.063" classname="bigBoy.backendapi.categoryAssociateFactoryTest"/>
</testsuite> <!-- bigBoy.backendapi.categoryAssociateFactoryTest -->
