<?xml version="1.0" encoding="UTF-8"?>
<!-- Generated by org.testng.reporters.JUnitReportReporter -->
<testsuite hostname="HPCL202004024deMacBook-Pro.local" name="bigBoy.app.loginTest" tests="1" failures="0" timestamp="9 Nov 2020 07:32:41 GMT" time="2.891" errors="0">
  <testcase name="sendSecurityCodeTest" time="2.891" classname="bigBoy.app.loginTest"/>
</testsuite> <!-- bigBoy.app.loginTest -->
