<?xml version="1.0" encoding="UTF-8"?>
<!-- Generated by org.testng.reporters.JUnitReportReporter -->
<testsuite hostname="HPCL202004024deMacBook-Pro.local" name="bigBoy.backendapi.goodsTest" tests="9" failures="0" timestamp="9 Nov 2020 05:59:35 GMT" time="0.797" errors="0">
  <testcase name="searchGoodsTest" time="0.075" classname="bigBoy.backendapi.goodsTest"/>
  <testcase name="updateGoodsInfo" time="0.147" classname="bigBoy.backendapi.goodsTest"/>
  <testcase name="searchGoodsByFactoryIdTest" time="0.132" classname="bigBoy.backendapi.goodsTest"/>
  <testcase name="updateSeriesTest" time="0.132" classname="bigBoy.backendapi.goodsTest"/>
  <testcase name="updateGoodsParameters" time="0.132" classname="bigBoy.backendapi.goodsTest"/>
  <testcase name="updateGoodsStatus" time="0.044" classname="bigBoy.backendapi.goodsTest"/>
  <testcase name="queryGoodsInfoByIdTest" time="0.038" classname="bigBoy.backendapi.goodsTest"/>
  <testcase name="searchTestByCategory" time="0.057" classname="bigBoy.backendapi.goodsTest"/>
  <testcase name="updateGoodsPics" time="0.040" classname="bigBoy.backendapi.goodsTest"/>
</testsuite> <!-- bigBoy.backendapi.goodsTest -->
