<?xml version="1.0" encoding="UTF-8"?>
<!-- Generated by org.testng.reporters.JUnitReportReporter -->
<testsuite hostname="HPCL202004024deMacBook-Pro.local" name="bigBoy.app.tradeShowTest" tests="2" failures="0" timestamp="9 Nov 2020 07:05:25 GMT" time="0.568" errors="0">
  <testcase name="queryAppTradeShowListTest" time="0.166" classname="bigBoy.app.tradeShowTest"/>
  <testcase name="queryDisplayWindowDetailTest" time="0.402" classname="bigBoy.app.tradeShowTest"/>
</testsuite> <!-- bigBoy.app.tradeShowTest -->
