<?xml version="1.0" encoding="UTF-8"?>
<!-- Generated by org.testng.reporters.JUnitReportReporter -->
<testsuite hostname="HPCL202004024deMacBook-Pro.local" name="bigBoy.app.behaviorTest" tests="2" failures="0" timestamp="9 Nov 2020 07:05:25 GMT" time="0.912" errors="0">
  <testcase name="addBehaviorTest" time="0.639" classname="bigBoy.app.behaviorTest"/>
  <testcase name="cancelBehaviorTest" time="0.273" classname="bigBoy.app.behaviorTest"/>
</testsuite> <!-- bigBoy.app.behaviorTest -->
