<?xml version="1.0" encoding="UTF-8"?>
<!-- Generated by org.testng.reporters.JUnitReportReporter -->
<testsuite hostname="HPCL202004024deMacBook-Pro.local" name="bigBoy.backendapi.showTest" tests="10" failures="0" timestamp="9 Nov 2020 05:59:35 GMT" time="0.803" errors="0">
  <testcase name="updatedisplayWindowTest" time="0.061" classname="bigBoy.backendapi.showTest"/>
  <testcase name="deleteShowTest" time="0.036" classname="bigBoy.backendapi.showTest"/>
  <testcase name="deleteAssociateTest" time="0.046" classname="bigBoy.backendapi.showTest"/>
  <testcase name="addShowTest" time="0.162" classname="bigBoy.backendapi.showTest"/>
  <testcase name="updateShowTest" time="0.038" classname="bigBoy.backendapi.showTest"/>
  <testcase name="queryAssociateList" time="0.061" classname="bigBoy.backendapi.showTest"/>
  <testcase name="deletedisplayWindowTest" time="0.078" classname="bigBoy.backendapi.showTest"/>
  <testcase name="showQueryInfoTest" time="0.038" classname="bigBoy.backendapi.showTest"/>
  <testcase name="adddisplayWindowTest" time="0.138" classname="bigBoy.backendapi.showTest"/>
  <testcase name="addAssociateTest" time="0.145" classname="bigBoy.backendapi.showTest"/>
</testsuite> <!-- bigBoy.backendapi.showTest -->
