<?xml version="1.0" encoding="UTF-8"?>
<!-- Generated by org.testng.reporters.JUnitReportReporter -->
<testsuite hostname="HPCL202004024deMacBook-Pro.local" name="bigBoy.app.homePageTest" tests="2" failures="0" timestamp="9 Nov 2020 07:05:25 GMT" time="0.570" errors="0">
  <testcase name="queryHomePageThreadListTest" time="0.497" classname="bigBoy.app.homePageTest"/>
  <testcase name="queryHomePageTopTest" time="0.073" classname="bigBoy.app.homePageTest"/>
</testsuite> <!-- bigBoy.app.homePageTest -->
